

Microchip Technology PIC LITE Macro Assembler V2.00 build -1524193055 
                                                                                               Tue Oct 16 15:29:49 2018

Microchip Technology Omniscient Code Generator v2.00 (Free mode) build 20180527130849
     1  0000                     
      + 0000                     
     2                           ; Version 2.00
     3                           ; Generated 27/05/2018 GMT
     4                           
     5                           ; 
     6                           ; Copyright © 2018, Microchip Technology Inc. and its subsidiaries ("Microchip")
     7                           ; All rights reserved.
     8                           ; 
     9                           ; This software is developed by Microchip Technology Inc. and its subsidiaries ("Microch
                                 ip").
    10                           ; 
    11                           ; Redistribution and use in source and binary forms, with or without modification, are
    12                           ; permitted provided that the following conditions are met:
    13                           ; 
    14                           ;     1. Redistributions of source code must retain the above copyright notice, this lis
                                 t of
    15                           ;        conditions and the following disclaimer.
    16                           ; 
    17                           ;     2. Redistributions in binary form must reproduce the above copyright notice, this 
                                 list
    18                           ;        of conditions and the following disclaimer in the documentation and/or other
    19                           ;        materials provided with the distribution.
    20                           ; 
    21                           ;     3. Microchip's name may not be used to endorse or promote products derived from th
                                 is
    22                           ;        software without specific prior written permission.
    23                           ; 
    24                           ; THIS SOFTWARE IS PROVIDED BY MICROCHIP "AS IS" AND ANY EXPRESS OR IMPLIED WARRANTIES,

    25                           ; INCLUDING, BUT NOT LIMITED TO, THE IMPLIED WARRANTIES OF MERCHANTABILITY AND FITNESS F
                                 OR
    26                           ; PURPOSE ARE DISCLAIMED.  IN NO EVENT SHALL MICROCHIP BE LIABLE FOR ANY DIRECT, INDIREC
                                 T,
    27                           ; INCIDENTAL, SPECIAL, EXEMPLARY, OR CONSEQUENTIAL DAMAGES (INCLUDING BUT NOT LIMITED TO
                                 
    28                           ; PROCUREMENT OF SUBSTITUTE GOODS OR SERVICES; LOSS OF USE, DATA OR PROFITS; OR BUSINESS
                                 
    29                           ; INTERRUPTION) HOWSOEVER CAUSED AND ON ANY THEORY OF LIABILITY, WHETHER IN CONTRACT, ST
                                 RICT
    30                           ; LIABILITY, OR TORT (INCLUDING NEGLIGENCE OR OTHERWISE) ARISING IN ANY WAY OUT OF THE U
                                 SE OF
    31                           ; THIS SOFTWARE, EVEN IF ADVISED OF THE POSSIBILITY OF SUCH DAMAGE.
    32                           ; 
    33                           
    34                           
    35                           ; 
    36                           ; Code-generator required, PIC12F1572 Definitions
    37                           ; 
    38  0008                     fsr0h equ 05h
    39  0005                     fsr0l equ 04h
    40  0004                     fsr1h equ 07h
    41  0007                     fsr1l equ 06h
    42  0006                     indf equ 00h
    43  0000                     indf0 equ 00h
    44  0000                     indf1 equ 01h
    45  0001                     intcon equ 0Bh
    46  000B                     pc equ 02h
    47  0002                     pcl equ 02h
    48  0002                     pclath equ 0Ah
    49  000A                     status equ 03h
    50  0003                     wreg equ 09h
    51  0009                     
     2                           opt pagewidth 120
     3  0000                     byte0	macro	val
     4                           	(getbyte(val,0))
     5                           endm
     6  0000                     byte1	macro	val
     7                           	(getbyte(val,1))
     8                           endm
     9  0000                     byte2	macro	val
    10                           	(getbyte(val,2))
    11                           endm
    12  0000                     byte3	macro	val
    13                           	(getbyte(val,3))
    14                           endm
    15  0000                     byte4	macro	val
    16                           	(getbyte(val,4))
    17                           endm
    18  0000                     byte5	macro	val
    19                           	(getbyte(val,5))
    20                           endm
    21  0000                     byte6	macro	val
    22                           	(getbyte(val,6))
    23                           endm
    24  0000                     byte7	macro	val
    25                           	(getbyte(val,7))
    26                           endm
    27  0000                     getword	macro	val,pos
    28                           	(((val) >> (8 * pos)) and 0xffff)
    29                           endm
    30  0000                     word0	macro	val
    31                           	(getword(val,0))
    32                           endm
    33  0000                     word1	macro	val
    34                           	(getword(val,2))
    35                           endm
    36  0000                     word2	macro	val
    37                           	(getword(val,4))
    38                           endm
    39  0000                     word3	macro	val
    40                           	(getword(val,6))
    41                           endm
    42  0000                     gettword	macro	val,pos
    43                           	(((val) >> (8 * pos)) and 0xffffff)
    44                           endm
    45  0000                     tword0	macro	val
    46                           	(gettword(val,0))
    47                           endm
    48  0000                     tword1	macro	val
    49                           	(gettword(val,3))
    50                           endm
    51  0000                     tword2	macro	val
    52                           	(gettword(val,6))
    53                           endm
    54  0000                     getdword	macro	val,pos
    55                           	(((val) >> (8 * pos)) and 0xffffffff)
    56                           endm
    57  0000                     dword0	macro	val
    58                           	(getdword(val,0))
    59                           endm
    60  0000                     dword1	macro	val
    61                           	(getdword(val,4))
    62                           endm
    63  0000                     clrc	macro
    64                           	bcf	3,0
    65                           	endm
    66  0000                     clrz	macro
    67                           	bcf	3,2
    68                           	endm
    69  0000                     setc	macro
    70                           	bsf	3,0
    71                           	endm
    72  0000                     setz	macro
    73                           	bsf	3,2
    74                           	endm
    75  0000                     skipc	macro
    76                           	btfss	3,0
    77                           	endm
    78  0000                     skipz	macro
    79                           	btfss	3,2
    80                           	endm
    81  0000                     skipnc	macro
    82                           	btfsc	3,0
    83                           	endm
    84  0000                     skipnz	macro
    85                           	btfsc	3,2
    86                           	endm
    87  0000                     pushw	macro
    88                           	movwi fsr1++
    89                           	endm
    90  0000                     popw	macro
    91                           	moviw --fsr1
    92                           	endm
    93  0000                     # 54 "C:\Program Files (x86)\Microchip\xc8\v2.00\pic\include\pic12f1572.h"
    94                           INDF0 equ 00h ;# 
    95  0000                     # 74 "C:\Program Files (x86)\Microchip\xc8\v2.00\pic\include\pic12f1572.h"
    96                           INDF1 equ 01h ;# 
    97  0001                     # 94 "C:\Program Files (x86)\Microchip\xc8\v2.00\pic\include\pic12f1572.h"
    98                           PCL equ 02h ;# 
    99  0002                     # 114 "C:\Program Files (x86)\Microchip\xc8\v2.00\pic\include\pic12f1572.h"
   100                           STATUS equ 03h ;# 
   101  0003                     # 177 "C:\Program Files (x86)\Microchip\xc8\v2.00\pic\include\pic12f1572.h"
   102                           FSR0L equ 04h ;# 
   103  0004                     # 197 "C:\Program Files (x86)\Microchip\xc8\v2.00\pic\include\pic12f1572.h"
   104                           FSR0H equ 05h ;# 
   105  0005                     # 221 "C:\Program Files (x86)\Microchip\xc8\v2.00\pic\include\pic12f1572.h"
   106                           FSR1L equ 06h ;# 
   107  0006                     # 241 "C:\Program Files (x86)\Microchip\xc8\v2.00\pic\include\pic12f1572.h"
   108                           FSR1H equ 07h ;# 
   109  0007                     # 261 "C:\Program Files (x86)\Microchip\xc8\v2.00\pic\include\pic12f1572.h"
   110                           BSR equ 08h ;# 
   111  0008                     # 313 "C:\Program Files (x86)\Microchip\xc8\v2.00\pic\include\pic12f1572.h"
   112                           WREG equ 09h ;# 
   113  0009                     # 333 "C:\Program Files (x86)\Microchip\xc8\v2.00\pic\include\pic12f1572.h"
   114                           PCLATH equ 0Ah ;# 
   115  000A                     # 353 "C:\Program Files (x86)\Microchip\xc8\v2.00\pic\include\pic12f1572.h"
   116                           INTCON equ 0Bh ;# 
   117  000B                     # 431 "C:\Program Files (x86)\Microchip\xc8\v2.00\pic\include\pic12f1572.h"
   118                           PORTA equ 0Ch ;# 
   119  000C                     # 489 "C:\Program Files (x86)\Microchip\xc8\v2.00\pic\include\pic12f1572.h"
   120                           PIR1 equ 011h ;# 
   121  0011                     # 540 "C:\Program Files (x86)\Microchip\xc8\v2.00\pic\include\pic12f1572.h"
   122                           PIR2 equ 012h ;# 
   123  0012                     # 561 "C:\Program Files (x86)\Microchip\xc8\v2.00\pic\include\pic12f1572.h"
   124                           PIR3 equ 013h ;# 
   125  0013                     # 594 "C:\Program Files (x86)\Microchip\xc8\v2.00\pic\include\pic12f1572.h"
   126                           TMR0 equ 015h ;# 
   127  0015                     # 614 "C:\Program Files (x86)\Microchip\xc8\v2.00\pic\include\pic12f1572.h"
   128                           TMR1 equ 016h ;# 
   129  0016                     # 621 "C:\Program Files (x86)\Microchip\xc8\v2.00\pic\include\pic12f1572.h"
   130                           TMR1L equ 016h ;# 
   131  0016                     # 641 "C:\Program Files (x86)\Microchip\xc8\v2.00\pic\include\pic12f1572.h"
   132                           TMR1H equ 017h ;# 
   133  0017                     # 661 "C:\Program Files (x86)\Microchip\xc8\v2.00\pic\include\pic12f1572.h"
   134                           T1CON equ 018h ;# 
   135  0018                     # 728 "C:\Program Files (x86)\Microchip\xc8\v2.00\pic\include\pic12f1572.h"
   136                           T1GCON equ 019h ;# 
   137  0019                     # 805 "C:\Program Files (x86)\Microchip\xc8\v2.00\pic\include\pic12f1572.h"
   138                           TMR2 equ 01Ah ;# 
   139  001A                     # 825 "C:\Program Files (x86)\Microchip\xc8\v2.00\pic\include\pic12f1572.h"
   140                           PR2 equ 01Bh ;# 
   141  001B                     # 845 "C:\Program Files (x86)\Microchip\xc8\v2.00\pic\include\pic12f1572.h"
   142                           T2CON equ 01Ch ;# 
   143  001C                     # 916 "C:\Program Files (x86)\Microchip\xc8\v2.00\pic\include\pic12f1572.h"
   144                           TRISA equ 08Ch ;# 
   145  008C                     # 974 "C:\Program Files (x86)\Microchip\xc8\v2.00\pic\include\pic12f1572.h"
   146                           PIE1 equ 091h ;# 
   147  0091                     # 1025 "C:\Program Files (x86)\Microchip\xc8\v2.00\pic\include\pic12f1572.h"
   148                           PIE2 equ 092h ;# 
   149  0092                     # 1046 "C:\Program Files (x86)\Microchip\xc8\v2.00\pic\include\pic12f1572.h"
   150                           PIE3 equ 093h ;# 
   151  0093                     # 1079 "C:\Program Files (x86)\Microchip\xc8\v2.00\pic\include\pic12f1572.h"
   152                           OPTION_REG equ 095h ;# 
   153  0095                     # 1162 "C:\Program Files (x86)\Microchip\xc8\v2.00\pic\include\pic12f1572.h"
   154                           PCON equ 096h ;# 
   155  0096                     # 1219 "C:\Program Files (x86)\Microchip\xc8\v2.00\pic\include\pic12f1572.h"
   156                           WDTCON equ 097h ;# 
   157  0097                     # 1278 "C:\Program Files (x86)\Microchip\xc8\v2.00\pic\include\pic12f1572.h"
   158                           OSCTUNE equ 098h ;# 
   159  0098                     # 1336 "C:\Program Files (x86)\Microchip\xc8\v2.00\pic\include\pic12f1572.h"
   160                           OSCCON equ 099h ;# 
   161  0099                     # 1408 "C:\Program Files (x86)\Microchip\xc8\v2.00\pic\include\pic12f1572.h"
   162                           OSCSTAT equ 09Ah ;# 
   163  009A                     # 1464 "C:\Program Files (x86)\Microchip\xc8\v2.00\pic\include\pic12f1572.h"
   164                           ADRES equ 09Bh ;# 
   165  009B                     # 1471 "C:\Program Files (x86)\Microchip\xc8\v2.00\pic\include\pic12f1572.h"
   166                           ADRESL equ 09Bh ;# 
   167  009B                     # 1491 "C:\Program Files (x86)\Microchip\xc8\v2.00\pic\include\pic12f1572.h"
   168                           ADRESH equ 09Ch ;# 
   169  009C                     # 1511 "C:\Program Files (x86)\Microchip\xc8\v2.00\pic\include\pic12f1572.h"
   170                           ADCON0 equ 09Dh ;# 
   171  009D                     # 1600 "C:\Program Files (x86)\Microchip\xc8\v2.00\pic\include\pic12f1572.h"
   172                           ADCON1 equ 09Eh ;# 
   173  009E                     # 1666 "C:\Program Files (x86)\Microchip\xc8\v2.00\pic\include\pic12f1572.h"
   174                           ADCON2 equ 09Fh ;# 
   175  009F                     # 1714 "C:\Program Files (x86)\Microchip\xc8\v2.00\pic\include\pic12f1572.h"
   176                           LATA equ 010Ch ;# 
   177  010C                     # 1767 "C:\Program Files (x86)\Microchip\xc8\v2.00\pic\include\pic12f1572.h"
   178                           CM1CON0 equ 0111h ;# 
   179  0111                     # 1824 "C:\Program Files (x86)\Microchip\xc8\v2.00\pic\include\pic12f1572.h"
   180                           CM1CON1 equ 0112h ;# 
   181  0112                     # 1896 "C:\Program Files (x86)\Microchip\xc8\v2.00\pic\include\pic12f1572.h"
   182                           CMOUT equ 0115h ;# 
   183  0115                     # 1916 "C:\Program Files (x86)\Microchip\xc8\v2.00\pic\include\pic12f1572.h"
   184                           BORCON equ 0116h ;# 
   185  0116                     # 1949 "C:\Program Files (x86)\Microchip\xc8\v2.00\pic\include\pic12f1572.h"
   186                           FVRCON equ 0117h ;# 
   187  0117                     # 2025 "C:\Program Files (x86)\Microchip\xc8\v2.00\pic\include\pic12f1572.h"
   188                           DACCON0 equ 0118h ;# 
   189  0118                     # 2080 "C:\Program Files (x86)\Microchip\xc8\v2.00\pic\include\pic12f1572.h"
   190                           DACCON1 equ 0119h ;# 
   191  0119                     # 2132 "C:\Program Files (x86)\Microchip\xc8\v2.00\pic\include\pic12f1572.h"
   192                           APFCON equ 011Dh ;# 
   193  011D                     # 2137 "C:\Program Files (x86)\Microchip\xc8\v2.00\pic\include\pic12f1572.h"
   194                           APFCON0 equ 011Dh ;# 
   195  011D                     # 2244 "C:\Program Files (x86)\Microchip\xc8\v2.00\pic\include\pic12f1572.h"
   196                           ANSELA equ 018Ch ;# 
   197  018C                     # 2291 "C:\Program Files (x86)\Microchip\xc8\v2.00\pic\include\pic12f1572.h"
   198                           PMADR equ 0191h ;# 
   199  0191                     # 2298 "C:\Program Files (x86)\Microchip\xc8\v2.00\pic\include\pic12f1572.h"
   200                           PMADRL equ 0191h ;# 
   201  0191                     # 2318 "C:\Program Files (x86)\Microchip\xc8\v2.00\pic\include\pic12f1572.h"
   202                           PMADRH equ 0192h ;# 
   203  0192                     # 2338 "C:\Program Files (x86)\Microchip\xc8\v2.00\pic\include\pic12f1572.h"
   204                           PMDAT equ 0193h ;# 
   205  0193                     # 2345 "C:\Program Files (x86)\Microchip\xc8\v2.00\pic\include\pic12f1572.h"
   206                           PMDATL equ 0193h ;# 
   207  0193                     # 2365 "C:\Program Files (x86)\Microchip\xc8\v2.00\pic\include\pic12f1572.h"
   208                           PMDATH equ 0194h ;# 
   209  0194                     # 2385 "C:\Program Files (x86)\Microchip\xc8\v2.00\pic\include\pic12f1572.h"
   210                           PMCON1 equ 0195h ;# 
   211  0195                     # 2441 "C:\Program Files (x86)\Microchip\xc8\v2.00\pic\include\pic12f1572.h"
   212                           PMCON2 equ 0196h ;# 
   213  0196                     # 2461 "C:\Program Files (x86)\Microchip\xc8\v2.00\pic\include\pic12f1572.h"
   214                           VREGCON equ 0197h ;# 
   215  0197                     # 2482 "C:\Program Files (x86)\Microchip\xc8\v2.00\pic\include\pic12f1572.h"
   216                           RCREG equ 0199h ;# 
   217  0199                     # 2502 "C:\Program Files (x86)\Microchip\xc8\v2.00\pic\include\pic12f1572.h"
   218                           TXREG equ 019Ah ;# 
   219  019A                     # 2522 "C:\Program Files (x86)\Microchip\xc8\v2.00\pic\include\pic12f1572.h"
   220                           SPBRG equ 019Bh ;# 
   221  019B                     # 2529 "C:\Program Files (x86)\Microchip\xc8\v2.00\pic\include\pic12f1572.h"
   222                           SPBRGL equ 019Bh ;# 
   223  019B                     # 2549 "C:\Program Files (x86)\Microchip\xc8\v2.00\pic\include\pic12f1572.h"
   224                           SPBRGH equ 019Ch ;# 
   225  019C                     # 2569 "C:\Program Files (x86)\Microchip\xc8\v2.00\pic\include\pic12f1572.h"
   226                           RCSTA equ 019Dh ;# 
   227  019D                     # 2631 "C:\Program Files (x86)\Microchip\xc8\v2.00\pic\include\pic12f1572.h"
   228                           TXSTA equ 019Eh ;# 
   229  019E                     # 2693 "C:\Program Files (x86)\Microchip\xc8\v2.00\pic\include\pic12f1572.h"
   230                           BAUDCON equ 019Fh ;# 
   231  019F                     # 2745 "C:\Program Files (x86)\Microchip\xc8\v2.00\pic\include\pic12f1572.h"
   232                           WPUA equ 020Ch ;# 
   233  020C                     # 2803 "C:\Program Files (x86)\Microchip\xc8\v2.00\pic\include\pic12f1572.h"
   234                           ODCONA equ 028Ch ;# 
   235  028C                     # 2856 "C:\Program Files (x86)\Microchip\xc8\v2.00\pic\include\pic12f1572.h"
   236                           SLRCONA equ 030Ch ;# 
   237  030C                     # 2909 "C:\Program Files (x86)\Microchip\xc8\v2.00\pic\include\pic12f1572.h"
   238                           INLVLA equ 038Ch ;# 
   239  038C                     # 2967 "C:\Program Files (x86)\Microchip\xc8\v2.00\pic\include\pic12f1572.h"
   240                           IOCAP equ 0391h ;# 
   241  0391                     # 3025 "C:\Program Files (x86)\Microchip\xc8\v2.00\pic\include\pic12f1572.h"
   242                           IOCAN equ 0392h ;# 
   243  0392                     # 3083 "C:\Program Files (x86)\Microchip\xc8\v2.00\pic\include\pic12f1572.h"
   244                           IOCAF equ 0393h ;# 
   245  0393                     # 3141 "C:\Program Files (x86)\Microchip\xc8\v2.00\pic\include\pic12f1572.h"
   246                           CWG1DBR equ 0691h ;# 
   247  0691                     # 3199 "C:\Program Files (x86)\Microchip\xc8\v2.00\pic\include\pic12f1572.h"
   248                           CWG1DBF equ 0692h ;# 
   249  0692                     # 3257 "C:\Program Files (x86)\Microchip\xc8\v2.00\pic\include\pic12f1572.h"
   250                           CWG1CON0 equ 0693h ;# 
   251  0693                     # 3316 "C:\Program Files (x86)\Microchip\xc8\v2.00\pic\include\pic12f1572.h"
   252                           CWG1CON1 equ 0694h ;# 
   253  0694                     # 3393 "C:\Program Files (x86)\Microchip\xc8\v2.00\pic\include\pic12f1572.h"
   254                           CWG1CON2 equ 0695h ;# 
   255  0695                     # 3433 "C:\Program Files (x86)\Microchip\xc8\v2.00\pic\include\pic12f1572.h"
   256                           PWMEN equ 0D8Eh ;# 
   257  0D8E                     # 3485 "C:\Program Files (x86)\Microchip\xc8\v2.00\pic\include\pic12f1572.h"
   258                           PWMLD equ 0D8Fh ;# 
   259  0D8F                     # 3537 "C:\Program Files (x86)\Microchip\xc8\v2.00\pic\include\pic12f1572.h"
   260                           PWMOUT equ 0D90h ;# 
   261  0D90                     # 3589 "C:\Program Files (x86)\Microchip\xc8\v2.00\pic\include\pic12f1572.h"
   262                           PWM1PH equ 0D91h ;# 
   263  0D91                     # 3596 "C:\Program Files (x86)\Microchip\xc8\v2.00\pic\include\pic12f1572.h"
   264                           PWM1PHL equ 0D91h ;# 
   265  0D91                     # 3674 "C:\Program Files (x86)\Microchip\xc8\v2.00\pic\include\pic12f1572.h"
   266                           PWM1PHH equ 0D92h ;# 
   267  0D92                     # 3752 "C:\Program Files (x86)\Microchip\xc8\v2.00\pic\include\pic12f1572.h"
   268                           PWM1DC equ 0D93h ;# 
   269  0D93                     # 3759 "C:\Program Files (x86)\Microchip\xc8\v2.00\pic\include\pic12f1572.h"
   270                           PWM1DCL equ 0D93h ;# 
   271  0D93                     # 3837 "C:\Program Files (x86)\Microchip\xc8\v2.00\pic\include\pic12f1572.h"
   272                           PWM1DCH equ 0D94h ;# 
   273  0D94                     # 3915 "C:\Program Files (x86)\Microchip\xc8\v2.00\pic\include\pic12f1572.h"
   274                           PWM1PR equ 0D95h ;# 
   275  0D95                     # 3922 "C:\Program Files (x86)\Microchip\xc8\v2.00\pic\include\pic12f1572.h"
   276                           PWM1PRL equ 0D95h ;# 
   277  0D95                     # 4000 "C:\Program Files (x86)\Microchip\xc8\v2.00\pic\include\pic12f1572.h"
   278                           PWM1PRH equ 0D96h ;# 
   279  0D96                     # 4078 "C:\Program Files (x86)\Microchip\xc8\v2.00\pic\include\pic12f1572.h"
   280                           PWM1OF equ 0D97h ;# 
   281  0D97                     # 4085 "C:\Program Files (x86)\Microchip\xc8\v2.00\pic\include\pic12f1572.h"
   282                           PWM1OFL equ 0D97h ;# 
   283  0D97                     # 4163 "C:\Program Files (x86)\Microchip\xc8\v2.00\pic\include\pic12f1572.h"
   284                           PWM1OFH equ 0D98h ;# 
   285  0D98                     # 4241 "C:\Program Files (x86)\Microchip\xc8\v2.00\pic\include\pic12f1572.h"
   286                           PWM1TMR equ 0D99h ;# 
   287  0D99                     # 4248 "C:\Program Files (x86)\Microchip\xc8\v2.00\pic\include\pic12f1572.h"
   288                           PWM1TMRL equ 0D99h ;# 
   289  0D99                     # 4326 "C:\Program Files (x86)\Microchip\xc8\v2.00\pic\include\pic12f1572.h"
   290                           PWM1TMRH equ 0D9Ah ;# 
   291  0D9A                     # 4404 "C:\Program Files (x86)\Microchip\xc8\v2.00\pic\include\pic12f1572.h"
   292                           PWM1CON equ 0D9Bh ;# 
   293  0D9B                     # 4512 "C:\Program Files (x86)\Microchip\xc8\v2.00\pic\include\pic12f1572.h"
   294                           PWM1INTE equ 0D9Ch ;# 
   295  0D9C                     # 4517 "C:\Program Files (x86)\Microchip\xc8\v2.00\pic\include\pic12f1572.h"
   296                           PWM1INTCON equ 0D9Ch ;# 
   297  0D9C                     # 4638 "C:\Program Files (x86)\Microchip\xc8\v2.00\pic\include\pic12f1572.h"
   298                           PWM1INTF equ 0D9Dh ;# 
   299  0D9D                     # 4643 "C:\Program Files (x86)\Microchip\xc8\v2.00\pic\include\pic12f1572.h"
   300                           PWM1INTFLG equ 0D9Dh ;# 
   301  0D9D                     # 4764 "C:\Program Files (x86)\Microchip\xc8\v2.00\pic\include\pic12f1572.h"
   302                           PWM1CLKCON equ 0D9Eh ;# 
   303  0D9E                     # 4872 "C:\Program Files (x86)\Microchip\xc8\v2.00\pic\include\pic12f1572.h"
   304                           PWM1LDCON equ 0D9Fh ;# 
   305  0D9F                     # 4954 "C:\Program Files (x86)\Microchip\xc8\v2.00\pic\include\pic12f1572.h"
   306                           PWM1OFCON equ 0DA0h ;# 
   307  0DA0                     # 5062 "C:\Program Files (x86)\Microchip\xc8\v2.00\pic\include\pic12f1572.h"
   308                           PWM2PH equ 0DA1h ;# 
   309  0DA1                     # 5069 "C:\Program Files (x86)\Microchip\xc8\v2.00\pic\include\pic12f1572.h"
   310                           PWM2PHL equ 0DA1h ;# 
   311  0DA1                     # 5147 "C:\Program Files (x86)\Microchip\xc8\v2.00\pic\include\pic12f1572.h"
   312                           PWM2PHH equ 0DA2h ;# 
   313  0DA2                     # 5225 "C:\Program Files (x86)\Microchip\xc8\v2.00\pic\include\pic12f1572.h"
   314                           PWM2DC equ 0DA3h ;# 
   315  0DA3                     # 5232 "C:\Program Files (x86)\Microchip\xc8\v2.00\pic\include\pic12f1572.h"
   316                           PWM2DCL equ 0DA3h ;# 
   317  0DA3                     # 5310 "C:\Program Files (x86)\Microchip\xc8\v2.00\pic\include\pic12f1572.h"
   318                           PWM2DCH equ 0DA4h ;# 
   319  0DA4                     # 5388 "C:\Program Files (x86)\Microchip\xc8\v2.00\pic\include\pic12f1572.h"
   320                           PWM2PR equ 0DA5h ;# 
   321  0DA5                     # 5395 "C:\Program Files (x86)\Microchip\xc8\v2.00\pic\include\pic12f1572.h"
   322                           PWM2PRL equ 0DA5h ;# 
   323  0DA5                     # 5473 "C:\Program Files (x86)\Microchip\xc8\v2.00\pic\include\pic12f1572.h"
   324                           PWM2PRH equ 0DA6h ;# 
   325  0DA6                     # 5551 "C:\Program Files (x86)\Microchip\xc8\v2.00\pic\include\pic12f1572.h"
   326                           PWM2OF equ 0DA7h ;# 
   327  0DA7                     # 5558 "C:\Program Files (x86)\Microchip\xc8\v2.00\pic\include\pic12f1572.h"
   328                           PWM2OFL equ 0DA7h ;# 
   329  0DA7                     # 5636 "C:\Program Files (x86)\Microchip\xc8\v2.00\pic\include\pic12f1572.h"
   330                           PWM2OFH equ 0DA8h ;# 
   331  0DA8                     # 5714 "C:\Program Files (x86)\Microchip\xc8\v2.00\pic\include\pic12f1572.h"
   332                           PWM2TMR equ 0DA9h ;# 
   333  0DA9                     # 5721 "C:\Program Files (x86)\Microchip\xc8\v2.00\pic\include\pic12f1572.h"
   334                           PWM2TMRL equ 0DA9h ;# 
   335  0DA9                     # 5799 "C:\Program Files (x86)\Microchip\xc8\v2.00\pic\include\pic12f1572.h"
   336                           PWM2TMRH equ 0DAAh ;# 
   337  0DAA                     # 5877 "C:\Program Files (x86)\Microchip\xc8\v2.00\pic\include\pic12f1572.h"
   338                           PWM2CON equ 0DABh ;# 
   339  0DAB                     # 5985 "C:\Program Files (x86)\Microchip\xc8\v2.00\pic\include\pic12f1572.h"
   340                           PWM2INTE equ 0DACh ;# 
   341  0DAC                     # 5990 "C:\Program Files (x86)\Microchip\xc8\v2.00\pic\include\pic12f1572.h"
   342                           PWM2INTCON equ 0DACh ;# 
   343  0DAC                     # 6111 "C:\Program Files (x86)\Microchip\xc8\v2.00\pic\include\pic12f1572.h"
   344                           PWM2INTF equ 0DADh ;# 
   345  0DAD                     # 6116 "C:\Program Files (x86)\Microchip\xc8\v2.00\pic\include\pic12f1572.h"
   346                           PWM2INTFLG equ 0DADh ;# 
   347  0DAD                     # 6237 "C:\Program Files (x86)\Microchip\xc8\v2.00\pic\include\pic12f1572.h"
   348                           PWM2CLKCON equ 0DAEh ;# 
   349  0DAE                     # 6345 "C:\Program Files (x86)\Microchip\xc8\v2.00\pic\include\pic12f1572.h"
   350                           PWM2LDCON equ 0DAFh ;# 
   351  0DAF                     # 6427 "C:\Program Files (x86)\Microchip\xc8\v2.00\pic\include\pic12f1572.h"
   352                           PWM2OFCON equ 0DB0h ;# 
   353  0DB0                     # 6535 "C:\Program Files (x86)\Microchip\xc8\v2.00\pic\include\pic12f1572.h"
   354                           PWM3PH equ 0DB1h ;# 
   355  0DB1                     # 6542 "C:\Program Files (x86)\Microchip\xc8\v2.00\pic\include\pic12f1572.h"
   356                           PWM3PHL equ 0DB1h ;# 
   357  0DB1                     # 6620 "C:\Program Files (x86)\Microchip\xc8\v2.00\pic\include\pic12f1572.h"
   358                           PWM3PHH equ 0DB2h ;# 
   359  0DB2                     # 6698 "C:\Program Files (x86)\Microchip\xc8\v2.00\pic\include\pic12f1572.h"
   360                           PWM3DC equ 0DB3h ;# 
   361  0DB3                     # 6705 "C:\Program Files (x86)\Microchip\xc8\v2.00\pic\include\pic12f1572.h"
   362                           PWM3DCL equ 0DB3h ;# 
   363  0DB3                     # 6783 "C:\Program Files (x86)\Microchip\xc8\v2.00\pic\include\pic12f1572.h"
   364                           PWM3DCH equ 0DB4h ;# 
   365  0DB4                     # 6861 "C:\Program Files (x86)\Microchip\xc8\v2.00\pic\include\pic12f1572.h"
   366                           PWM3PR equ 0DB5h ;# 
   367  0DB5                     # 6868 "C:\Program Files (x86)\Microchip\xc8\v2.00\pic\include\pic12f1572.h"
   368                           PWM3PRL equ 0DB5h ;# 
   369  0DB5                     # 6946 "C:\Program Files (x86)\Microchip\xc8\v2.00\pic\include\pic12f1572.h"
   370                           PWM3PRH equ 0DB6h ;# 
   371  0DB6                     # 7024 "C:\Program Files (x86)\Microchip\xc8\v2.00\pic\include\pic12f1572.h"
   372                           PWM3OF equ 0DB7h ;# 
   373  0DB7                     # 7031 "C:\Program Files (x86)\Microchip\xc8\v2.00\pic\include\pic12f1572.h"
   374                           PWM3OFL equ 0DB7h ;# 
   375  0DB7                     # 7109 "C:\Program Files (x86)\Microchip\xc8\v2.00\pic\include\pic12f1572.h"
   376                           PWM3OFH equ 0DB8h ;# 
   377  0DB8                     # 7187 "C:\Program Files (x86)\Microchip\xc8\v2.00\pic\include\pic12f1572.h"
   378                           PWM3TMR equ 0DB9h ;# 
   379  0DB9                     # 7194 "C:\Program Files (x86)\Microchip\xc8\v2.00\pic\include\pic12f1572.h"
   380                           PWM3TMRL equ 0DB9h ;# 
   381  0DB9                     # 7272 "C:\Program Files (x86)\Microchip\xc8\v2.00\pic\include\pic12f1572.h"
   382                           PWM3TMRH equ 0DBAh ;# 
   383  0DBA                     # 7350 "C:\Program Files (x86)\Microchip\xc8\v2.00\pic\include\pic12f1572.h"
   384                           PWM3CON equ 0DBBh ;# 
   385  0DBB                     # 7458 "C:\Program Files (x86)\Microchip\xc8\v2.00\pic\include\pic12f1572.h"
   386                           PWM3INTE equ 0DBCh ;# 
   387  0DBC                     # 7463 "C:\Program Files (x86)\Microchip\xc8\v2.00\pic\include\pic12f1572.h"
   388                           PWM3INTCON equ 0DBCh ;# 
   389  0DBC                     # 7584 "C:\Program Files (x86)\Microchip\xc8\v2.00\pic\include\pic12f1572.h"
   390                           PWM3INTF equ 0DBDh ;# 
   391  0DBD                     # 7589 "C:\Program Files (x86)\Microchip\xc8\v2.00\pic\include\pic12f1572.h"
   392                           PWM3INTFLG equ 0DBDh ;# 
   393  0DBD                     # 7710 "C:\Program Files (x86)\Microchip\xc8\v2.00\pic\include\pic12f1572.h"
   394                           PWM3CLKCON equ 0DBEh ;# 
   395  0DBE                     # 7818 "C:\Program Files (x86)\Microchip\xc8\v2.00\pic\include\pic12f1572.h"
   396                           PWM3LDCON equ 0DBFh ;# 
   397  0DBF                     # 7900 "C:\Program Files (x86)\Microchip\xc8\v2.00\pic\include\pic12f1572.h"
   398                           PWM3OFCON equ 0DC0h ;# 
   399  0DC0                     # 8008 "C:\Program Files (x86)\Microchip\xc8\v2.00\pic\include\pic12f1572.h"
   400                           STATUS_SHAD equ 0FE4h ;# 
   401  0FE4                     # 8040 "C:\Program Files (x86)\Microchip\xc8\v2.00\pic\include\pic12f1572.h"
   402                           WREG_SHAD equ 0FE5h ;# 
   403  0FE5                     # 8060 "C:\Program Files (x86)\Microchip\xc8\v2.00\pic\include\pic12f1572.h"
   404                           BSR_SHAD equ 0FE6h ;# 
   405  0FE6                     # 8080 "C:\Program Files (x86)\Microchip\xc8\v2.00\pic\include\pic12f1572.h"
   406                           PCLATH_SHAD equ 0FE7h ;# 
   407  0FE7                     # 8100 "C:\Program Files (x86)\Microchip\xc8\v2.00\pic\include\pic12f1572.h"
   408                           FSR0_SHAD equ 0FE8h ;# 
   409  0FE8                     # 8107 "C:\Program Files (x86)\Microchip\xc8\v2.00\pic\include\pic12f1572.h"
   410                           FSR0L_SHAD equ 0FE8h ;# 
   411  0FE8                     # 8127 "C:\Program Files (x86)\Microchip\xc8\v2.00\pic\include\pic12f1572.h"
   412                           FSR0H_SHAD equ 0FE9h ;# 
   413  0FE9                     # 8147 "C:\Program Files (x86)\Microchip\xc8\v2.00\pic\include\pic12f1572.h"
   414                           FSR1_SHAD equ 0FEAh ;# 
   415  0FEA                     # 8154 "C:\Program Files (x86)\Microchip\xc8\v2.00\pic\include\pic12f1572.h"
   416                           FSR1L_SHAD equ 0FEAh ;# 
   417  0FEA                     # 8174 "C:\Program Files (x86)\Microchip\xc8\v2.00\pic\include\pic12f1572.h"
   418                           FSR1H_SHAD equ 0FEBh ;# 
   419  0FEB                     # 8194 "C:\Program Files (x86)\Microchip\xc8\v2.00\pic\include\pic12f1572.h"
   420                           STKPTR equ 0FEDh ;# 
   421  0FED                     # 8214 "C:\Program Files (x86)\Microchip\xc8\v2.00\pic\include\pic12f1572.h"
   422                           TOS equ 0FEEh ;# 
   423  0FEE                     # 8221 "C:\Program Files (x86)\Microchip\xc8\v2.00\pic\include\pic12f1572.h"
   424                           TOSL equ 0FEEh ;# 
   425  0FEE                     # 8241 "C:\Program Files (x86)\Microchip\xc8\v2.00\pic\include\pic12f1572.h"
   426                           TOSH equ 0FEFh ;# 
   427  0FEF                     	FNCALL	_main,_ADC_result
   428                           	FNCALL	_main,_ADC_set
   429                           	FNCALL	_main,_PIN_set
   430                           	FNCALL	_main,_PWM
   431                           	FNROOT	_main
   432                           	global	_ADRES
   433                           _ADRES	set	0x9B
   434  009B                     	global	_OSCCON
   435                           _OSCCON	set	0x99
   436  0099                     	global	_ADCON1bits
   437                           _ADCON1bits	set	0x9E
   438  009E                     	global	_TRISAbits
   439                           _TRISAbits	set	0x8C
   440  008C                     	global	_ADCON0bits
   441                           _ADCON0bits	set	0x9D
   442  009D                     	global	_CM1CON0bits
   443                           _CM1CON0bits	set	0x111
   444  0111                     	global	_LATAbits
   445                           _LATAbits	set	0x10C
   446  010C                     	global	_APFCONbits
   447                           _APFCONbits	set	0x11D
   448  011D                     	global	_ANSELAbits
   449                           _ANSELAbits	set	0x18C
   450  018C                     	global	_PWM1DC
   451                           _PWM1DC	set	0xD93
   452  0D93                     	global	_PWM1PR
   453                           _PWM1PR	set	0xD95
   454  0D95                     	global	_PWM1PH
   455                           _PWM1PH	set	0xD91
   456  0D91                     	global	_PWMLDbits
   457                           _PWMLDbits	set	0xD8F
   458  0D8F                     	global	_PWMENbits
   459                           _PWMENbits	set	0xD8E
   460  0D8E                     	global	_PWM1CON
   461                           _PWM1CON	set	0xD9B
   462  0D9B                     	global	_PWM1CLKCON
   463                           _PWM1CLKCON	set	0xD9E
   464  0D9E                     ; #config settings
   465                           global __CFG_FOSC$INTOSC
   466                           __CFG_FOSC$INTOSC equ 0x0
   467  0000                     global __CFG_WDTE$OFF
   468                           __CFG_WDTE$OFF equ 0x0
   469  0000                     global __CFG_PWRTE$OFF
   470                           __CFG_PWRTE$OFF equ 0x0
   471  0000                     global __CFG_MCLRE$OFF
   472                           __CFG_MCLRE$OFF equ 0x0
   473  0000                     global __CFG_CP$OFF
   474                           __CFG_CP$OFF equ 0x0
   475  0000                     global __CFG_BOREN$OFF
   476                           __CFG_BOREN$OFF equ 0x0
   477  0000                     global __CFG_CLKOUTEN$OFF
   478                           __CFG_CLKOUTEN$OFF equ 0x0
   479  0000                     global __CFG_WRT$OFF
   480                           __CFG_WRT$OFF equ 0x0
   481  0000                     global __CFG_PLLEN$OFF
   482                           __CFG_PLLEN$OFF equ 0x0
   483  0000                     global __CFG_STVREN$ON
   484                           __CFG_STVREN$ON equ 0x0
   485  0000                     global __CFG_BORV$HI
   486                           __CFG_BORV$HI equ 0x0
   487  0000                     global __CFG_LPBOREN$OFF
   488                           __CFG_LPBOREN$OFF equ 0x0
   489  0000                     global __CFG_LVP$OFF
   490                           __CFG_LVP$OFF equ 0x0
   491  0000                     	file	"C:\Users\G53SX\AppData\Local\Temp\s8vo."
   492                           	line	#
   493                           psect cinit,class=CODE,delta=2
   494                           global start_initialization
   495                           start_initialization:
   496  07FE                     
   497                           global __initialization
   498                           __initialization:
   499  07FE                     psect cinit,class=CODE,delta=2,merge=1
   500                           global end_of_initialization,__end_of__initialization
   501                           
   502                           ;End of C runtime variable initialization code
   503                           
   504                           end_of_initialization:
   505  07FE                     __end_of__initialization:
   506  07FE                     movlb 0
   507  07FE  0020               ljmp _main	;jump to C main() function
   508  07FF  2FE0               psect	cstackCOMMON,class=COMMON,space=1,noexec
   509                           global __pcstackCOMMON
   510                           __pcstackCOMMON:
   511  0000                     ?_ADC_result:	; 1 bytes @ 0x0
   512  0000                     ??_ADC_result:	; 1 bytes @ 0x0
   513  0000                     ?_PWM:	; 1 bytes @ 0x0
   514  0000                     ??_PWM:	; 1 bytes @ 0x0
   515  0000                     ?_ADC_set:	; 1 bytes @ 0x0
   516  0000                     ??_ADC_set:	; 1 bytes @ 0x0
   517  0000                     ?_PIN_set:	; 1 bytes @ 0x0
   518  0000                     ??_PIN_set:	; 1 bytes @ 0x0
   519  0000                     ?_main:	; 1 bytes @ 0x0
   520  0000                     ??_main:	; 1 bytes @ 0x0
   521  0000                     ;!
   522                           ;!Data Sizes:
   523                           ;!    Strings     0
   524                           ;!    Constant    0
   525                           ;!    Data        0
   526                           ;!    BSS         0
   527                           ;!    Persistent  0
   528                           ;!    Stack       0
   529                           ;!
   530                           ;!Auto Spaces:
   531                           ;!    Space          Size  Autos    Used
   532                           ;!    COMMON           14      0       0
   533                           ;!    BANK0            80      0       0
   534                           ;!    BANK1            80      0       0
   535                           ;!    BANK2            80      0       0
   536                           
   537                           ;!
   538                           ;!Pointer List with Targets:
   539                           ;!
   540                           ;!    None.
   541                           
   542                           
   543                           ;!
   544                           ;!Critical Paths under _main in COMMON
   545                           ;!
   546                           ;!    None.
   547                           ;!
   548                           ;!Critical Paths under _main in BANK0
   549                           ;!
   550                           ;!    None.
   551                           ;!
   552                           ;!Critical Paths under _main in BANK1
   553                           ;!
   554                           ;!    None.
   555                           ;!
   556                           ;!Critical Paths under _main in BANK2
   557                           ;!
   558                           ;!    None.
   559                           
   560 ;;
   561 ;;Main: autosize = 0, tempsize = 0, incstack = 0, save=0
   562 ;;
   563                           
   564                           ;!
   565                           ;!Call Graph Tables:
   566                           ;!
   567                           ;! ---------------------------------------------------------------------------------
   568                           ;! (Depth) Function   	        Calls       Base Space   Used Autos Params    Refs
   569                           ;! ---------------------------------------------------------------------------------
   570                           ;! (0) _main                                                 0     0      0       0
   571                           ;!                         _ADC_result
   572                           ;!                            _ADC_set
   573                           ;!                            _PIN_set
   574                           ;!                                _PWM
   575                           ;! ---------------------------------------------------------------------------------
   576                           ;! (1) _PWM                                                  0     0      0       0
   577                           ;! ---------------------------------------------------------------------------------
   578                           ;! (1) _PIN_set                                              0     0      0       0
   579                           ;! ---------------------------------------------------------------------------------
   580                           ;! (1) _ADC_set                                              0     0      0       0
   581                           ;! ---------------------------------------------------------------------------------
   582                           ;! (1) _ADC_result                                           0     0      0       0
   583                           ;! ---------------------------------------------------------------------------------
   584                           ;! Estimated maximum stack depth 1
   585                           ;! ---------------------------------------------------------------------------------
   586                           ;!
   587                           ;! Call Graph Graphs:
   588                           ;!
   589                           ;! _main (ROOT)
   590                           ;!   _ADC_result
   591                           ;!   _ADC_set
   592                           ;!   _PIN_set
   593                           ;!   _PWM
   594                           ;!
   595                           
   596                           ;! Address spaces:
   597                           
   598                           ;!Name               Size   Autos  Total    Cost      Usage
   599                           ;!BIGRAM              F0      0       0       0        0.0%
   600                           ;!NULL                 0      0       0       0        0.0%
   601                           ;!CODE                 0      0       0       0        0.0%
   602                           ;!BITCOMMON            E      0       0       1        0.0%
   603                           ;!BITSFR0              0      0       0       1        0.0%
   604                           ;!SFR0                 0      0       0       1        0.0%
   605                           ;!COMMON               E      0       0       2        0.0%
   606                           ;!BITSFR1              0      0       0       2        0.0%
   607                           ;!SFR1                 0      0       0       2        0.0%
   608                           ;!BITSFR2              0      0       0       3        0.0%
   609                           ;!SFR2                 0      0       0       3        0.0%
   610                           ;!STACK                0      0       0       3        0.0%
   611                           ;!BITSFR3              0      0       0       4        0.0%
   612                           ;!SFR3                 0      0       0       4        0.0%
   613                           ;!ABS                  0      0       0       4        0.0%
   614                           ;!BITBANK0            50      0       0       5        0.0%
   615                           ;!BITSFR4              0      0       0       5        0.0%
   616                           ;!SFR4                 0      0       0       5        0.0%
   617                           ;!BANK0               50      0       0       6        0.0%
   618                           ;!BITSFR5              0      0       0       6        0.0%
   619                           ;!SFR5                 0      0       0       6        0.0%
   620                           ;!BITBANK1            50      0       0       7        0.0%
   621                           ;!BITSFR6              0      0       0       7        0.0%
   622                           ;!SFR6                 0      0       0       7        0.0%
   623                           ;!BANK1               50      0       0       8        0.0%
   624                           ;!BITSFR7              0      0       0       8        0.0%
   625                           ;!SFR7                 0      0       0       8        0.0%
   626                           ;!BITBANK2            50      0       0       9        0.0%
   627                           ;!BITSFR8              0      0       0       9        0.0%
   628                           ;!SFR8                 0      0       0       9        0.0%
   629                           ;!BANK2               50      0       0      10        0.0%
   630                           ;!BITSFR9              0      0       0      10        0.0%
   631                           ;!SFR9                 0      0       0      10        0.0%
   632                           ;!BITSFR10             0      0       0      11        0.0%
   633                           ;!SFR10                0      0       0      11        0.0%
   634                           ;!DATA                 0      0       0      11        0.0%
   635                           ;!BITSFR11             0      0       0      12        0.0%
   636                           ;!SFR11                0      0       0      12        0.0%
   637                           ;!BITSFR12             0      0       0      13        0.0%
   638                           ;!SFR12                0      0       0      13        0.0%
   639                           ;!BITSFR13             0      0       0      14        0.0%
   640                           ;!SFR13                0      0       0      14        0.0%
   641                           ;!BITSFR14             0      0       0      15        0.0%
   642                           ;!SFR14                0      0       0      15        0.0%
   643                           ;!BITSFR15             0      0       0      16        0.0%
   644                           ;!SFR15                0      0       0      16        0.0%
   645                           ;!BITSFR16             0      0       0      17        0.0%
   646                           ;!SFR16                0      0       0      17        0.0%
   647                           ;!BITSFR17             0      0       0      18        0.0%
   648                           ;!SFR17                0      0       0      18        0.0%
   649                           ;!BITSFR18             0      0       0      19        0.0%
   650                           ;!SFR18                0      0       0      19        0.0%
   651                           ;!BITSFR19             0      0       0      20        0.0%
   652                           ;!SFR19                0      0       0      20        0.0%
   653                           ;!BITSFR20             0      0       0      21        0.0%
   654                           ;!SFR20                0      0       0      21        0.0%
   655                           ;!BITSFR21             0      0       0      22        0.0%
   656                           ;!SFR21                0      0       0      22        0.0%
   657                           ;!BITSFR22             0      0       0      23        0.0%
   658                           ;!SFR22                0      0       0      23        0.0%
   659                           ;!BITSFR23             0      0       0      24        0.0%
   660                           ;!SFR23                0      0       0      24        0.0%
   661                           ;!BITSFR24             0      0       0      25        0.0%
   662                           ;!SFR24                0      0       0      25        0.0%
   663                           ;!BITSFR25             0      0       0      26        0.0%
   664                           ;!SFR25                0      0       0      26        0.0%
   665                           ;!BITSFR26             0      0       0      27        0.0%
   666                           ;!SFR26                0      0       0      27        0.0%
   667                           ;!BITSFR27             0      0       0      28        0.0%
   668                           ;!SFR27                0      0       0      28        0.0%
   669                           ;!BITSFR28             0      0       0      29        0.0%
   670                           ;!SFR28                0      0       0      29        0.0%
   671                           ;!BITSFR29             0      0       0      30        0.0%
   672                           ;!SFR29                0      0       0      30        0.0%
   673                           ;!BITSFR30             0      0       0      31        0.0%
   674                           ;!SFR30                0      0       0      31        0.0%
   675                           ;!BITSFR31             0      0       0      32        0.0%
   676                           ;!SFR31                0      0       0      32        0.0%
   677                           
   678                           	global	_main
   679                           
   680 ;; *************** function _main *****************
   681 ;; Defined at:
   682 ;;		line 57 in file "main.c"
   683 ;; Parameters:    Size  Location     Type
   684 ;;		None
   685 ;; Auto vars:     Size  Location     Type
   686 ;;		None
   687 ;; Return value:  Size  Location     Type
   688 ;;                  1    wreg      void 
   689 ;; Registers used:
   690 ;;		wreg, status,2, status,0, pclath, cstack
   691 ;; Tracked objects:
   692 ;;		On entry : B1F/0
   693 ;;		On exit  : 0/0
   694 ;;		Unchanged: 0/0
   695 ;; Data sizes:     COMMON   BANK0   BANK1   BANK2
   696 ;;      Params:         0       0       0       0
   697 ;;      Locals:         0       0       0       0
   698 ;;      Temps:          0       0       0       0
   699 ;;      Totals:         0       0       0       0
   700 ;;Total ram usage:        0 bytes
   701 ;; Hardware stack levels required when called:    1
   702 ;; This function calls:
   703 ;;		_ADC_result
   704 ;;		_ADC_set
   705 ;;		_PIN_set
   706 ;;		_PWM
   707 ;; This function is called by:
   708 ;;		Startup code after reset
   709 ;; This function uses a non-reentrant model
   710 ;;
   711                           psect	maintext,global,class=CODE,delta=2,merge=1,split=1,group=0
   712                           	file	"main.c"
   713                           	line	57
   714                           global __pmaintext
   715                           __pmaintext:	;psect for function _main
   716  07E0                     psect	maintext
   717                           	file	"main.c"
   718                           	line	57
   719                           	global	__size_of_main
   720                           	__size_of_main	equ	__end_of_main-_main
   721  001E                     	
   722                           _main:	
   723  07E0                     ;incstack = 0
   724                           	opt	stack 15
   725                           ; Regs used in _main: [wreg+status,2+status,0+pclath+cstack]
   726                           	line	60
   727                           	
   728                           l520:	
   729  07E0                     ;main.c: 60: }
   730                           	movlb 2	; select bank2
   731  07E0  0022               	bcf	(273)^0100h,7	;volatile
   732  07E1  1391               	line	61
   733                           	
   734                           l522:	
   735  07E2                     	movlw	low(07Ah)
   736  07E2  307A               	movlb 1	; select bank1
   737  07E3  0021               	movwf	(153)^080h	;volatile
   738  07E4  0099               	line	62
   739                           	
   740                           l524:	
   741  07E5                     	fcall	_PWM
   742  07E5  3187  27D0  3187   	line	63
   743                           	
   744                           l526:	
   745  07E8                     	fcall	_ADC_set
   746  07E8  3187  27C0  3187   	line	64
   747                           	
   748                           l528:	
   749  07EB                     	fcall	_PIN_set
   750  07EB  3187  27B2  3187   	goto	l530
   751  07EE  2FEF               	line	69
   752                           	
   753                           l52:	
   754  07EF                     	line	72
   755                           	
   756                           l530:	
   757  07EF                     	fcall	_ADC_result
   758  07EF  3187  27B7  3187   	line	74
   759                           	movlb 1	; select bank1
   760  07F2  0021               	movf	(155+1)^080h,w	;volatile
   761  07F3  081C               	movlb 27	; select bank27
   762  07F4  003B               	movwf	(3475+1)^0D80h	;volatile
   763  07F5  0094               	movlb 1	; select bank1
   764  07F6  0021               	movf	(155)^080h,w	;volatile
   765  07F7  081B               	movlb 27	; select bank27
   766  07F8  003B               	movwf	(3475)^0D80h	;volatile
   767  07F9  0093               	line	80
   768                           	
   769                           l532:	
   770  07FA                     	bsf	(3471)^0D80h,0	;volatile
   771  07FA  140F               	goto	l530
   772  07FB  2FEF               	line	81
   773                           	
   774                           l53:	
   775  07FC                     	goto	l530
   776  07FC  2FEF               	
   777                           l54:	
   778  07FD                     	line	82
   779                           	
   780                           l55:	
   781  07FD                     	global	start
   782                           	ljmp	start
   783  07FD  2801               	opt stack 0
   784                           GLOBAL	__end_of_main
   785                           	__end_of_main:
   786  07FE                     	signat	_main,89
   787                           	global	_PWM
   788                           
   789 ;; *************** function _PWM *****************
   790 ;; Defined at:
   791 ;;		line 29 in file "main.c"
   792 ;; Parameters:    Size  Location     Type
   793 ;;		None
   794 ;; Auto vars:     Size  Location     Type
   795 ;;		None
   796 ;; Return value:  Size  Location     Type
   797 ;;                  1    wreg      void 
   798 ;; Registers used:
   799 ;;		wreg, status,2
   800 ;; Tracked objects:
   801 ;;		On entry : 0/0
   802 ;;		On exit  : 0/0
   803 ;;		Unchanged: 0/0
   804 ;; Data sizes:     COMMON   BANK0   BANK1   BANK2
   805 ;;      Params:         0       0       0       0
   806 ;;      Locals:         0       0       0       0
   807 ;;      Temps:          0       0       0       0
   808 ;;      Totals:         0       0       0       0
   809 ;;Total ram usage:        0 bytes
   810 ;; Hardware stack levels used:    1
   811 ;; This function calls:
   812 ;;		Nothing
   813 ;; This function is called by:
   814 ;;		_main
   815 ;; This function uses a non-reentrant model
   816 ;;
   817                           psect	text1,local,class=CODE,delta=2,merge=1,group=0
   818                           	line	29
   819                           global __ptext1
   820                           __ptext1:	;psect for function _PWM
   821  07D0                     psect	text1
   822                           	file	"main.c"
   823                           	line	29
   824                           	global	__size_of_PWM
   825                           	__size_of_PWM	equ	__end_of_PWM-_PWM
   826  0010                     	
   827                           _PWM:	
   828  07D0                     ;incstack = 0
   829                           	opt	stack 15
   830                           ; Regs used in _PWM: [wreg+status,2]
   831                           	line	31
   832                           	
   833                           l500:	
   834  07D0                     ;main.c: 31: 
   835                           	movlw	low(01h)
   836  07D0  3001               	movlb 27	; select bank27
   837  07D1  003B               	movwf	(3486)^0D80h	;volatile
   838  07D2  009E               	line	32
   839                           ;main.c: 32:     LATAbits.LATA5 = 0;
   840                           	movlw	low(060h)
   841  07D3  3060               	movwf	(3483)^0D80h	;volatile
   842  07D4  009B               	line	33
   843                           	
   844                           l502:	
   845  07D5                     ;main.c: 33: }
   846                           	clrf	(3473)^0D80h	;volatile
   847  07D5  0191               	clrf	(3473+1)^0D80h	;volatile
   848  07D6  0192               	line	34
   849                           	
   850                           l504:	
   851  07D7                     ;main.c: 34: 
   852                           	movlw	07h
   853  07D7  3007               	movwf	(3477+1)^0D80h	;volatile
   854  07D8  0096               	movlw	0FFh
   855  07D9  30FF               	movwf	(3477)^0D80h	;volatile
   856  07DA  0095               	line	35
   857                           	
   858                           l506:	
   859  07DB                     ;main.c: 35: void main(void)
   860                           	movlb 2	; select bank2
   861  07DB  0022               	bsf	(285)^0100h,0	;volatile
   862  07DC  141D               	line	36
   863                           	
   864                           l508:	
   865  07DD                     ;main.c: 36: 
   866                           	movlb 27	; select bank27
   867  07DD  003B               	bsf	(3470)^0D80h,0	;volatile
   868  07DE  140E               	line	37
   869                           	
   870                           l41:	
   871  07DF                     	return
   872  07DF  0008               	opt stack 0
   873                           GLOBAL	__end_of_PWM
   874                           	__end_of_PWM:
   875  07E0                     	signat	_PWM,89
   876                           	global	_PIN_set
   877                           
   878 ;; *************** function _PIN_set *****************
   879 ;; Defined at:
   880 ;;		line 49 in file "main.c"
   881 ;; Parameters:    Size  Location     Type
   882 ;;		None
   883 ;; Auto vars:     Size  Location     Type
   884 ;;		None
   885 ;; Return value:  Size  Location     Type
   886 ;;                  1    wreg      void 
   887 ;; Registers used:
   888 ;;		None
   889 ;; Tracked objects:
   890 ;;		On entry : 0/0
   891 ;;		On exit  : 0/0
   892 ;;		Unchanged: 0/0
   893 ;; Data sizes:     COMMON   BANK0   BANK1   BANK2
   894 ;;      Params:         0       0       0       0
   895 ;;      Locals:         0       0       0       0
   896 ;;      Temps:          0       0       0       0
   897 ;;      Totals:         0       0       0       0
   898 ;;Total ram usage:        0 bytes
   899 ;; Hardware stack levels used:    1
   900 ;; This function calls:
   901 ;;		Nothing
   902 ;; This function is called by:
   903 ;;		_main
   904 ;; This function uses a non-reentrant model
   905 ;;
   906                           psect	text2,local,class=CODE,delta=2,merge=1,group=0
   907                           	line	49
   908                           global __ptext2
   909                           __ptext2:	;psect for function _PIN_set
   910  07B2                     psect	text2
   911                           	file	"main.c"
   912                           	line	49
   913                           	global	__size_of_PIN_set
   914                           	__size_of_PIN_set	equ	__end_of_PIN_set-_PIN_set
   915  0005                     	
   916                           _PIN_set:	
   917  07B2                     ;incstack = 0
   918                           	opt	stack 15
   919                           ; Regs used in _PIN_set: []
   920                           	line	52
   921                           	
   922                           l518:	
   923  07B2                     ;main.c: 52:         PWM1DC=ADRES;
   924                           	movlb 1	; select bank1
   925  07B2  0021               	bcf	(140)^080h,5	;volatile
   926  07B3  128C               	line	54
   927                           ;main.c: 54: 
   928                           	movlb 2	; select bank2
   929  07B4  0022               	bcf	(268)^0100h,5	;volatile
   930  07B5  128C               	line	55
   931                           	
   932                           l47:	
   933  07B6                     	return
   934  07B6  0008               	opt stack 0
   935                           GLOBAL	__end_of_PIN_set
   936                           	__end_of_PIN_set:
   937  07B7                     	signat	_PIN_set,89
   938                           	global	_ADC_set
   939                           
   940 ;; *************** function _ADC_set *****************
   941 ;; Defined at:
   942 ;;		line 39 in file "main.c"
   943 ;; Parameters:    Size  Location     Type
   944 ;;		None
   945 ;; Auto vars:     Size  Location     Type
   946 ;;		None
   947 ;; Return value:  Size  Location     Type
   948 ;;                  1    wreg      void 
   949 ;; Registers used:
   950 ;;		wreg, status,2, status,0
   951 ;; Tracked objects:
   952 ;;		On entry : 0/0
   953 ;;		On exit  : 0/0
   954 ;;		Unchanged: 0/0
   955 ;; Data sizes:     COMMON   BANK0   BANK1   BANK2
   956 ;;      Params:         0       0       0       0
   957 ;;      Locals:         0       0       0       0
   958 ;;      Temps:          0       0       0       0
   959 ;;      Totals:         0       0       0       0
   960 ;;Total ram usage:        0 bytes
   961 ;; Hardware stack levels used:    1
   962 ;; This function calls:
   963 ;;		Nothing
   964 ;; This function is called by:
   965 ;;		_main
   966 ;; This function uses a non-reentrant model
   967 ;;
   968                           psect	text3,local,class=CODE,delta=2,merge=1,group=0
   969                           	line	39
   970                           global __ptext3
   971                           __ptext3:	;psect for function _ADC_set
   972  07C0                     psect	text3
   973                           	file	"main.c"
   974                           	line	39
   975                           	global	__size_of_ADC_set
   976                           	__size_of_ADC_set	equ	__end_of_ADC_set-_ADC_set
   977  0010                     	
   978                           _ADC_set:	
   979  07C0                     ;incstack = 0
   980                           	opt	stack 15
   981                           ; Regs used in _ADC_set: [wreg+status,2+status,0]
   982                           	line	41
   983                           	
   984                           l510:	
   985  07C0                     ;main.c: 41:     ADC_set();
   986                           	movlb 1	; select bank1
   987  07C0  0021               	bsf	(140)^080h,2	;volatile
   988  07C1  150C               	line	42
   989                           ;main.c: 42:     PIN_set();
   990                           	movlb 3	; select bank3
   991  07C2  0023               	bsf	(396)^0180h,2	;volatile
   992  07C3  150C               	line	43
   993                           	
   994                           l512:	
   995  07C4                     ;main.c: 43: 
   996                           	movlb 1	; select bank1
   997  07C4  0021               	movf	(157)^080h,w	;volatile
   998  07C5  081D               	andlw	not (((1<<5)-1)<<2)
   999  07C6  3983               	iorlw	(02h & ((1<<5)-1))<<2
  1000  07C7  3808               	movwf	(157)^080h	;volatile
  1001  07C8  009D               	line	44
  1002                           	
  1003                           l514:	
  1004  07C9                     ;main.c: 44: 
  1005                           	bsf	(158)^080h,7	;volatile
  1006  07C9  179E               	line	45
  1007                           	
  1008                           l516:	
  1009  07CA                     ;main.c: 45: 
  1010                           	bsf	(157)^080h,0	;volatile
  1011  07CA  141D               	line	46
  1012                           ;main.c: 46: 
  1013                           	movf	(158)^080h,w	;volatile
  1014  07CB  081E               	andlw	not (((1<<3)-1)<<4)
  1015  07CC  398F               	iorlw	(03h & ((1<<3)-1))<<4
  1016  07CD  3830               	movwf	(158)^080h	;volatile
  1017  07CE  009E               	line	47
  1018                           	
  1019                           l44:	
  1020  07CF                     	return
  1021  07CF  0008               	opt stack 0
  1022                           GLOBAL	__end_of_ADC_set
  1023                           	__end_of_ADC_set:
  1024  07D0                     	signat	_ADC_set,89
  1025                           	global	_ADC_result
  1026                           
  1027 ;; *************** function _ADC_result *****************
  1028 ;; Defined at:
  1029 ;;		line 22 in file "main.c"
  1030 ;; Parameters:    Size  Location     Type
  1031 ;;		None
  1032 ;; Auto vars:     Size  Location     Type
  1033 ;;		None
  1034 ;; Return value:  Size  Location     Type
  1035 ;;                  1    wreg      void 
  1036 ;; Registers used:
  1037 ;;		None
  1038 ;; Tracked objects:
  1039 ;;		On entry : 0/0
  1040 ;;		On exit  : 0/0
  1041 ;;		Unchanged: 0/0
  1042 ;; Data sizes:     COMMON   BANK0   BANK1   BANK2
  1043 ;;      Params:         0       0       0       0
  1044 ;;      Locals:         0       0       0       0
  1045 ;;      Temps:          0       0       0       0
  1046 ;;      Totals:         0       0       0       0
  1047 ;;Total ram usage:        0 bytes
  1048 ;; Hardware stack levels used:    1
  1049 ;; This function calls:
  1050 ;;		Nothing
  1051 ;; This function is called by:
  1052 ;;		_main
  1053 ;; This function uses a non-reentrant model
  1054 ;;
  1055                           psect	text4,local,class=CODE,delta=2,merge=1,group=0
  1056                           	line	22
  1057                           global __ptext4
  1058                           __ptext4:	;psect for function _ADC_result
  1059  07B7                     psect	text4
  1060                           	file	"main.c"
  1061                           	line	22
  1062                           	global	__size_of_ADC_result
  1063                           	__size_of_ADC_result	equ	__end_of_ADC_result-_ADC_result
  1064  0009                     	
  1065                           _ADC_result:	
  1066  07B7                     ;incstack = 0
  1067                           	opt	stack 15
  1068                           ; Regs used in _ADC_result: []
  1069                           	line	24
  1070                           	
  1071                           l498:	
  1072  07B7                     ;main.c: 24:     ADCON1bits.ADCS=0b11;
  1073                           	movlb 1	; select bank1
  1074  07B7  0021               	bsf	(157)^080h,1	;volatile
  1075  07B8  149D               	line	25
  1076                           ;main.c: 25: }
  1077                           	goto	l35
  1078  07B9  2FBA               	
  1079                           l36:	
  1080  07BA                     	
  1081                           l35:	
  1082  07BA                     	btfsc	(157)^080h,1	;volatile
  1083  07BA  189D               	goto	u11
  1084  07BB  2FBD               	goto	u10
  1085  07BC  2FBE               u11:
  1086  07BD                     	goto	l35
  1087  07BD  2FBA               u10:
  1088  07BE                     	goto	l38
  1089  07BE  2FBF               	
  1090                           l37:	
  1091  07BF                     	line	27
  1092                           	
  1093                           l38:	
  1094  07BF                     	return
  1095  07BF  0008               	opt stack 0
  1096                           GLOBAL	__end_of_ADC_result
  1097                           	__end_of_ADC_result:
  1098  07C0                     	signat	_ADC_result,89
  1099                           global	___latbits
  1100                           ___latbits	equ	0
  1101  0000                     	global	btemp
  1102                           	btemp set 07Eh
  1103  007E                     
  1104                           	DABS	1,126,2	;btemp
  1105                           	global	wtemp0
  1106                           	wtemp0 set btemp+0
  1107  007E                     	end


Data Sizes:
    Strings     0
    Constant    0
    Data        0
    BSS         0
    Persistent  0
    Stack       0

Auto Spaces:
    Space          Size  Autos    Used
    COMMON           14      0       0
    BANK0            80      0       0
    BANK1            80      0       0
    BANK2            80      0       0

Pointer List with Targets:

    None.

Critical Paths under _main in COMMON

    None.

Critical Paths under _main in BANK0

    None.

Critical Paths under _main in BANK1

    None.

Critical Paths under _main in BANK2

    None.

Call Graph Tables:

 ---------------------------------------------------------------------------------
 (Depth) Function   	        Calls       Base Space   Used Autos Params    Refs
 ---------------------------------------------------------------------------------
 (0) _main                                                 0     0      0       0
                         _ADC_result
                            _ADC_set
                            _PIN_set
                                _PWM
 ---------------------------------------------------------------------------------
 (1) _PWM                                                  0     0      0       0
 ---------------------------------------------------------------------------------
 (1) _PIN_set                                              0     0      0       0
 ---------------------------------------------------------------------------------
 (1) _ADC_set                                              0     0      0       0
 ---------------------------------------------------------------------------------
 (1) _ADC_result                                           0     0      0       0
 ---------------------------------------------------------------------------------
 Estimated maximum stack depth 1
 ---------------------------------------------------------------------------------

 Call Graph Graphs:

 _main (ROOT)
   _ADC_result
   _ADC_set
   _PIN_set
   _PWM

 Address spaces:
Name               Size   Autos  Total    Cost      Usage
BIGRAM              F0      0       0       0        0.0%
NULL                 0      0       0       0        0.0%
CODE                 0      0       0       0        0.0%
BITCOMMON            E      0       0       1        0.0%
BITSFR0              0      0       0       1        0.0%
SFR0                 0      0       0       1        0.0%
COMMON               E      0       0       2        0.0%
BITSFR1              0      0       0       2        0.0%
SFR1                 0      0       0       2        0.0%
BITSFR2              0      0       0       3        0.0%
SFR2                 0      0       0       3        0.0%
STACK                0      0       0       3        0.0%
BITSFR3              0      0       0       4        0.0%
SFR3                 0      0       0       4        0.0%
ABS                  0      0       0       4        0.0%
BITBANK0            50      0       0       5        0.0%
BITSFR4              0      0       0       5        0.0%
SFR4                 0      0       0       5        0.0%
BANK0               50      0       0       6        0.0%
BITSFR5              0      0       0       6        0.0%
SFR5                 0      0       0       6        0.0%
BITBANK1            50      0       0       7        0.0%
BITSFR6              0      0       0       7        0.0%
SFR6                 0      0       0       7        0.0%
BANK1               50      0       0       8        0.0%
BITSFR7              0      0       0       8        0.0%
SFR7                 0      0       0       8        0.0%
BITBANK2            50      0       0       9        0.0%
BITSFR8              0      0       0       9        0.0%
SFR8                 0      0       0       9        0.0%
BANK2               50      0       0      10        0.0%
BITSFR9              0      0       0      10        0.0%
SFR9                 0      0       0      10        0.0%
BITSFR10             0      0       0      11        0.0%
SFR10                0      0       0      11        0.0%
DATA                 0      0       0      11        0.0%
BITSFR11             0      0       0      12        0.0%
SFR11                0      0       0      12        0.0%
BITSFR12             0      0       0      13        0.0%
SFR12                0      0       0      13        0.0%
BITSFR13             0      0       0      14        0.0%
SFR13                0      0       0      14        0.0%
BITSFR14             0      0       0      15        0.0%
SFR14                0      0       0      15        0.0%
BITSFR15             0      0       0      16        0.0%
SFR15                0      0       0      16        0.0%
BITSFR16             0      0       0      17        0.0%
SFR16                0      0       0      17        0.0%
BITSFR17             0      0       0      18        0.0%
SFR17                0      0       0      18        0.0%
BITSFR18             0      0       0      19        0.0%
SFR18                0      0       0      19        0.0%
BITSFR19             0      0       0      20        0.0%
SFR19                0      0       0      20        0.0%
BITSFR20             0      0       0      21        0.0%
SFR20                0      0       0      21        0.0%
BITSFR21             0      0       0      22        0.0%
SFR21                0      0       0      22        0.0%
BITSFR22             0      0       0      23        0.0%
SFR22                0      0       0      23        0.0%
BITSFR23             0      0       0      24        0.0%
SFR23                0      0       0      24        0.0%
BITSFR24             0      0       0      25        0.0%
SFR24                0      0       0      25        0.0%
BITSFR25             0      0       0      26        0.0%
SFR25                0      0       0      26        0.0%
BITSFR26             0      0       0      27        0.0%
SFR26                0      0       0      27        0.0%
BITSFR27             0      0       0      28        0.0%
SFR27                0      0       0      28        0.0%
BITSFR28             0      0       0      29        0.0%
SFR28                0      0       0      29        0.0%
BITSFR29             0      0       0      30        0.0%
SFR29                0      0       0      30        0.0%
BITSFR30             0      0       0      31        0.0%
SFR30                0      0       0      31        0.0%
BITSFR31             0      0       0      32        0.0%
SFR31                0      0       0      32        0.0%


Microchip Technology PIC Macro Assembler V2.00 build -1524193055 
Symbol Table                                                                                   Tue Oct 16 15:29:49 2018

            __CFG_CP$OFF 0000                       l41 07DF                       l35 07BA  
                     l36 07BA                       l44 07CF                       l52 07EF  
                     l37 07BF                       l53 07FC                       l38 07BF  
                     l54 07FD                       l47 07B6                       l55 07FD  
                     u10 07BE                       u11 07BD                      l500 07D0  
                    l510 07C0                      l502 07D5                      l512 07C4  
                    l504 07D7                      l520 07E0                      l514 07C9  
                    l506 07DB                      l530 07EF                      l522 07E2  
                    l516 07CA                      l508 07DD                      l532 07FA  
                    l524 07E5                      l518 07B2                      l526 07E8  
                    l528 07EB                      l498 07B7                      _PWM 07D0  
           __CFG_BORV$HI 0000          __end_of_ADC_set 07D0             __CFG_LVP$OFF 0000  
                   ?_PWM 0000      __size_of_ADC_result 0009             __CFG_WRT$OFF 0000  
        __end_of_PIN_set 07B7                     _main 07E0                     btemp 007E  
                   start 0001                    ??_PWM 0000                    ?_main 0000  
                  _ADRES 009B            __CFG_WDTE$OFF 0000           __CFG_BOREN$OFF 0000  
                  wtemp0 007E           __CFG_MCLRE$OFF 0000          __initialization 07FE  
           __end_of_main 07FE                ??_ADC_set 0000                   ??_main 0000  
         __CFG_PLLEN$OFF 0000                ??_PIN_set 0000                   _OSCCON 0099  
                 _PWM1DC 0D93                   _PWM1PH 0D91                   _PWM1PR 0D95  
         __CFG_PWRTE$OFF 0000             ??_ADC_result 0000           __CFG_STVREN$ON 0000  
     __end_of_ADC_result 07C0  __end_of__initialization 07FE           __pcstackCOMMON 0000  
             __pmaintext 07E0                  _ADC_set 07C0                  _PWM1CON 0D9B  
                _PIN_set 07B2                  __ptext1 07D0                  __ptext2 07B2  
                __ptext3 07C0                  __ptext4 07B7             __size_of_PWM 0010  
   end_of_initialization 07FE                _PWMENbits 0D8E                _PWMLDbits 0D8F  
       __CFG_FOSC$INTOSC 0000                _TRISAbits 008C              _CM1CON0bits 0111  
    start_initialization 07FE              __end_of_PWM 07E0         __CFG_LPBOREN$OFF 0000  
               ?_ADC_set 0000                ___latbits 0000                 ?_PIN_set 0000  
               _LATAbits 010C               _ADCON0bits 009D               _ADCON1bits 009E  
       __size_of_ADC_set 0010         __size_of_PIN_set 0005               _ADC_result 07B7  
             _APFCONbits 011D               _ANSELAbits 018C            __size_of_main 001E  
      __CFG_CLKOUTEN$OFF 0000              ?_ADC_result 0000               _PWM1CLKCON 0D9E  
